Determining if the pthread_create exist failed with the following output:
Change Dir: /home/austin/catkin_ws/build/rotors_hil_interface/CMakeFiles/CMakeTmp

Run Build Command:"/usr/bin/make" "cmTC_00ef5/fast"
/usr/bin/make -f CMakeFiles/cmTC_00ef5.dir/build.make CMakeFiles/cmTC_00ef5.dir/build
make[1]: Entering directory '/home/austin/catkin_ws/build/rotors_hil_interface/CMakeFiles/CMakeTmp'
Building C object CMakeFiles/cmTC_00ef5.dir/CheckSymbolExists.c.o
/usr/bin/cc     -o CMakeFiles/cmTC_00ef5.dir/CheckSymbolExists.c.o   -c /home/austin/catkin_ws/build/rotors_hil_interface/CMakeFiles/CMakeTmp/CheckSymbolExists.c
Linking C executable cmTC_00ef5
/usr/bin/cmake -E cmake_link_script CMakeFiles/cmTC_00ef5.dir/link.txt --verbose=1
/usr/bin/cc       CMakeFiles/cmTC_00ef5.dir/CheckSymbolExists.c.o  -o cmTC_00ef5 -rdynamic 
CMakeFiles/cmTC_00ef5.dir/CheckSymbolExists.c.o: In function `main':
CheckSymbolExists.c:(.text+0x16): undefined reference to `pthread_create'
collect2: error: ld returned 1 exit status
CMakeFiles/cmTC_00ef5.dir/build.make:97: recipe for target 'cmTC_00ef5' failed
make[1]: *** [cmTC_00ef5] Error 1
make[1]: Leaving directory '/home/austin/catkin_ws/build/rotors_hil_interface/CMakeFiles/CMakeTmp'
Makefile:126: recipe for target 'cmTC_00ef5/fast' failed
make: *** [cmTC_00ef5/fast] Error 2

File /home/austin/catkin_ws/build/rotors_hil_interface/CMakeFiles/CMakeTmp/CheckSymbolExists.c:
/* */
#include <pthread.h>

int main(int argc, char** argv)
{
  (void)argv;
#ifndef pthread_create
  return ((int*)(&pthread_create))[argc];
#else
  (void)argc;
  return 0;
#endif
}

Determining if the function pthread_create exists in the pthreads failed with the following output:
Change Dir: /home/austin/catkin_ws/build/rotors_hil_interface/CMakeFiles/CMakeTmp

Run Build Command:"/usr/bin/make" "cmTC_1fad6/fast"
/usr/bin/make -f CMakeFiles/cmTC_1fad6.dir/build.make CMakeFiles/cmTC_1fad6.dir/build
make[1]: Entering directory '/home/austin/catkin_ws/build/rotors_hil_interface/CMakeFiles/CMakeTmp'
Building C object CMakeFiles/cmTC_1fad6.dir/CheckFunctionExists.c.o
/usr/bin/cc    -DCHECK_FUNCTION_EXISTS=pthread_create   -o CMakeFiles/cmTC_1fad6.dir/CheckFunctionExists.c.o   -c /usr/share/cmake-3.5/Modules/CheckFunctionExists.c
Linking C executable cmTC_1fad6
/usr/bin/cmake -E cmake_link_script CMakeFiles/cmTC_1fad6.dir/link.txt --verbose=1
/usr/bin/cc   -DCHECK_FUNCTION_EXISTS=pthread_create    CMakeFiles/cmTC_1fad6.dir/CheckFunctionExists.c.o  -o cmTC_1fad6 -rdynamic -lpthreads 
/usr/bin/ld: cannot find -lpthreads
collect2: error: ld returned 1 exit status
CMakeFiles/cmTC_1fad6.dir/build.make:97: recipe for target 'cmTC_1fad6' failed
make[1]: *** [cmTC_1fad6] Error 1
make[1]: Leaving directory '/home/austin/catkin_ws/build/rotors_hil_interface/CMakeFiles/CMakeTmp'
Makefile:126: recipe for target 'cmTC_1fad6/fast' failed
make: *** [cmTC_1fad6/fast] Error 2


