Determining if the pthread_create exist failed with the following output:
Change Dir: /home/austin/catkin_ws/build/rotors_joy_interface/CMakeFiles/CMakeTmp

Run Build Command:"/usr/bin/make" "cmTC_4c25b/fast"
/usr/bin/make -f CMakeFiles/cmTC_4c25b.dir/build.make CMakeFiles/cmTC_4c25b.dir/build
make[1]: Entering directory '/home/austin/catkin_ws/build/rotors_joy_interface/CMakeFiles/CMakeTmp'
Building C object CMakeFiles/cmTC_4c25b.dir/CheckSymbolExists.c.o
/usr/bin/cc     -o CMakeFiles/cmTC_4c25b.dir/CheckSymbolExists.c.o   -c /home/austin/catkin_ws/build/rotors_joy_interface/CMakeFiles/CMakeTmp/CheckSymbolExists.c
Linking C executable cmTC_4c25b
/usr/bin/cmake -E cmake_link_script CMakeFiles/cmTC_4c25b.dir/link.txt --verbose=1
/usr/bin/cc       CMakeFiles/cmTC_4c25b.dir/CheckSymbolExists.c.o  -o cmTC_4c25b -rdynamic 
CMakeFiles/cmTC_4c25b.dir/CheckSymbolExists.c.o: In function `main':
CheckSymbolExists.c:(.text+0x16): undefined reference to `pthread_create'
collect2: error: ld returned 1 exit status
CMakeFiles/cmTC_4c25b.dir/build.make:97: recipe for target 'cmTC_4c25b' failed
make[1]: *** [cmTC_4c25b] Error 1
make[1]: Leaving directory '/home/austin/catkin_ws/build/rotors_joy_interface/CMakeFiles/CMakeTmp'
Makefile:126: recipe for target 'cmTC_4c25b/fast' failed
make: *** [cmTC_4c25b/fast] Error 2

File /home/austin/catkin_ws/build/rotors_joy_interface/CMakeFiles/CMakeTmp/CheckSymbolExists.c:
/* */
#include <pthread.h>

int main(int argc, char** argv)
{
  (void)argv;
#ifndef pthread_create
  return ((int*)(&pthread_create))[argc];
#else
  (void)argc;
  return 0;
#endif
}

Determining if the function pthread_create exists in the pthreads failed with the following output:
Change Dir: /home/austin/catkin_ws/build/rotors_joy_interface/CMakeFiles/CMakeTmp

Run Build Command:"/usr/bin/make" "cmTC_3555f/fast"
/usr/bin/make -f CMakeFiles/cmTC_3555f.dir/build.make CMakeFiles/cmTC_3555f.dir/build
make[1]: Entering directory '/home/austin/catkin_ws/build/rotors_joy_interface/CMakeFiles/CMakeTmp'
Building C object CMakeFiles/cmTC_3555f.dir/CheckFunctionExists.c.o
/usr/bin/cc    -DCHECK_FUNCTION_EXISTS=pthread_create   -o CMakeFiles/cmTC_3555f.dir/CheckFunctionExists.c.o   -c /usr/share/cmake-3.5/Modules/CheckFunctionExists.c
Linking C executable cmTC_3555f
/usr/bin/cmake -E cmake_link_script CMakeFiles/cmTC_3555f.dir/link.txt --verbose=1
/usr/bin/cc   -DCHECK_FUNCTION_EXISTS=pthread_create    CMakeFiles/cmTC_3555f.dir/CheckFunctionExists.c.o  -o cmTC_3555f -rdynamic -lpthreads 
/usr/bin/ld: cannot find -lpthreads
collect2: error: ld returned 1 exit status
CMakeFiles/cmTC_3555f.dir/build.make:97: recipe for target 'cmTC_3555f' failed
make[1]: *** [cmTC_3555f] Error 1
make[1]: Leaving directory '/home/austin/catkin_ws/build/rotors_joy_interface/CMakeFiles/CMakeTmp'
Makefile:126: recipe for target 'cmTC_3555f/fast' failed
make: *** [cmTC_3555f/fast] Error 2


