Determining if the pthread_create exist failed with the following output:
Change Dir: /home/austin/catkin_ws/build/uav_bitstar_planner/CMakeFiles/CMakeTmp

Run Build Command:"/usr/bin/make" "cmTC_286d2/fast"
/usr/bin/make -f CMakeFiles/cmTC_286d2.dir/build.make CMakeFiles/cmTC_286d2.dir/build
make[1]: Entering directory '/home/austin/catkin_ws/build/uav_bitstar_planner/CMakeFiles/CMakeTmp'
Building C object CMakeFiles/cmTC_286d2.dir/CheckSymbolExists.c.o
/usr/bin/cc     -o CMakeFiles/cmTC_286d2.dir/CheckSymbolExists.c.o   -c /home/austin/catkin_ws/build/uav_bitstar_planner/CMakeFiles/CMakeTmp/CheckSymbolExists.c
Linking C executable cmTC_286d2
/usr/bin/cmake -E cmake_link_script CMakeFiles/cmTC_286d2.dir/link.txt --verbose=1
/usr/bin/cc       CMakeFiles/cmTC_286d2.dir/CheckSymbolExists.c.o  -o cmTC_286d2 -rdynamic 
CMakeFiles/cmTC_286d2.dir/CheckSymbolExists.c.o: In function `main':
CheckSymbolExists.c:(.text+0x16): undefined reference to `pthread_create'
collect2: error: ld returned 1 exit status
CMakeFiles/cmTC_286d2.dir/build.make:97: recipe for target 'cmTC_286d2' failed
make[1]: *** [cmTC_286d2] Error 1
make[1]: Leaving directory '/home/austin/catkin_ws/build/uav_bitstar_planner/CMakeFiles/CMakeTmp'
Makefile:126: recipe for target 'cmTC_286d2/fast' failed
make: *** [cmTC_286d2/fast] Error 2

File /home/austin/catkin_ws/build/uav_bitstar_planner/CMakeFiles/CMakeTmp/CheckSymbolExists.c:
/* */
#include <pthread.h>

int main(int argc, char** argv)
{
  (void)argv;
#ifndef pthread_create
  return ((int*)(&pthread_create))[argc];
#else
  (void)argc;
  return 0;
#endif
}

Determining if the function pthread_create exists in the pthreads failed with the following output:
Change Dir: /home/austin/catkin_ws/build/uav_bitstar_planner/CMakeFiles/CMakeTmp

Run Build Command:"/usr/bin/make" "cmTC_eda9f/fast"
/usr/bin/make -f CMakeFiles/cmTC_eda9f.dir/build.make CMakeFiles/cmTC_eda9f.dir/build
make[1]: Entering directory '/home/austin/catkin_ws/build/uav_bitstar_planner/CMakeFiles/CMakeTmp'
Building C object CMakeFiles/cmTC_eda9f.dir/CheckFunctionExists.c.o
/usr/bin/cc    -DCHECK_FUNCTION_EXISTS=pthread_create   -o CMakeFiles/cmTC_eda9f.dir/CheckFunctionExists.c.o   -c /usr/share/cmake-3.5/Modules/CheckFunctionExists.c
Linking C executable cmTC_eda9f
/usr/bin/cmake -E cmake_link_script CMakeFiles/cmTC_eda9f.dir/link.txt --verbose=1
/usr/bin/cc   -DCHECK_FUNCTION_EXISTS=pthread_create    CMakeFiles/cmTC_eda9f.dir/CheckFunctionExists.c.o  -o cmTC_eda9f -rdynamic -lpthreads 
/usr/bin/ld: cannot find -lpthreads
collect2: error: ld returned 1 exit status
CMakeFiles/cmTC_eda9f.dir/build.make:97: recipe for target 'cmTC_eda9f' failed
make[1]: *** [cmTC_eda9f] Error 1
make[1]: Leaving directory '/home/austin/catkin_ws/build/uav_bitstar_planner/CMakeFiles/CMakeTmp'
Makefile:126: recipe for target 'cmTC_eda9f/fast' failed
make: *** [cmTC_eda9f/fast] Error 2


